<?xml version="1.0" encoding="UTF-8"?>
<testsuite xmlns:xsi="http://www.w3.org/2001/XMLSchema-instance" xsi:noNamespaceSchemaLocation="https://maven.apache.org/surefire/maven-surefire-plugin/xsd/surefire-test-report-3.0.xsd" version="3.0" name="cucumber.Options.TestRunner" time="9.182" tests="1" errors="0" skipped="0" failures="0">
  <properties>
[...]
</properties>
  <testcase name="Verify if place is being added successfully using AddPlace API" classname="Validate Place API&apos;s" time="8.568">
    <system-out><![CDATA[
@addplace
Scenario Outline: Verify if place is being added successfully using AddPlace API &amp#27;[90m# src/test/java/features/placevalidation.feature:14&amp#27;[0m
  &amp#27;[32mGiven &amp#27;[0m&amp#27;[32mAdd place payload with &amp#27;[0m&amp#27;[32m&amp#27;[1m"AAhouse"&amp#27;[0m&amp#27;[32m &amp#27;[0m&amp#27;[32m&amp#27;[1m"Bengali"&amp#27;[0m&amp#27;[32m &amp#27;[0m&amp#27;[32m&amp#27;[1m"GG Kolka"&amp#27;[0m                    &amp#27;[90m# stepDefinations.StepDefination.add_place_payload_with(java.lang.String,java.lang.String,java.lang.String)&amp#27;[0m
/maps/api/place/add/json
Request method:	POST
Request URI:	https://rahulshettyacademy.com/maps/api/place/add/json?key=qaclick123
Proxy:			<none>
Request params:	<none>
Query params:	key=qaclick123
Form params:	<none>
Path params:	<none>
Headers:		Accept=*/*
				Content-Type=application/json
Cookies:		<none>
Multiparts:		<none>
Body:
{
    "location": {
        "lat": 33.427362,
        "lng": 0.0
    },
    "accuracy": 50,
    "name": "AAhouse",
    "phone_number": "(+91) 983 893 3937",
    "address": "GG Kolka",
    "types": [
        "shoe park1",
        "shop"
    ],
    "website": "http://google.com",
    "language": "Bengali"
}
HTTP/1.1 200 OK
Date: Mon, 18 Sep 2023 16:00:41 GMT
Server: Apache/2.4.52 (Ubuntu)
Access-Control-Allow-Origin: *
Access-Control-Allow-Methods: POST
Access-Control-Max-Age: 3600
Access-Control-Allow-Headers: Content-Type, Access-Control-Allow-Headers, Authorization, X-Requested-With
Content-Length: 194
Keep-Alive: timeout=5, max=100
Connection: Keep-Alive
Content-Type: application/json;charset=UTF-8

{
    "status": "OK",
    "place_id": "024bad418195303a08b196ab5b997cc6",
    "scope": "APP",
    "reference": "d122efdeca5a7464e8fc93d442dab10bd122efdeca5a7464e8fc93d442dab10b",
    "id": "d122efdeca5a7464e8fc93d442dab10b"
}
  &amp#27;[32mWhen &amp#27;[0m&amp#27;[32muser call &amp#27;[0m&amp#27;[32m&amp#27;[1m"AddPlaceAPI"&amp#27;[0m&amp#27;[32m with &amp#27;[0m&amp#27;[32m&amp#27;[1m"post"&amp#27;[0m&amp#27;[32m http request&amp#27;[0m                          &amp#27;[90m# stepDefinations.StepDefination.user_call_with_post_http_request(java.lang.String,java.lang.String)&amp#27;[0m
  &amp#27;[32mThen &amp#27;[0m&amp#27;[32mAPI call is success with status code &amp#27;[0m&amp#27;[32m&amp#27;[1m200&amp#27;[0m                                  &amp#27;[90m# stepDefinations.StepDefination.api_call_is_success_with_status_code(java.lang.Integer)&amp#27;[0m
status is OK
  &amp#27;[32mAnd &amp#27;[0m&amp#27;[32m&amp#27;[0m&amp#27;[32m&amp#27;[1m"status"&amp#27;[0m&amp#27;[32m in response is &amp#27;[0m&amp#27;[32m&amp#27;[1m"OK"&amp#27;[0m                                               &amp#27;[90m# stepDefinations.StepDefination.in_response_is(java.lang.String,java.lang.String)&amp#27;[0m
scope is APP
  &amp#27;[32mAnd &amp#27;[0m&amp#27;[32m&amp#27;[0m&amp#27;[32m&amp#27;[1m"scope"&amp#27;[0m&amp#27;[32m in response is &amp#27;[0m&amp#27;[32m&amp#27;[1m"APP"&amp#27;[0m                                               &amp#27;[90m# stepDefinations.StepDefination.in_response_is(java.lang.String,java.lang.String)&amp#27;[0m
place_id is 024bad418195303a08b196ab5b997cc6
/maps/api/place/get/json
Request method:	GET
Request URI:	https://rahulshettyacademy.com/maps/api/place/get/json?key=qaclick123&place_id=024bad418195303a08b196ab5b997cc6
Proxy:			<none>
Request params:	<none>
Query params:	key=qaclick123
				place_id=024bad418195303a08b196ab5b997cc6
Form params:	<none>
Path params:	<none>
Headers:		Accept=*/*
				Content-Type=application/json
Cookies:		<none>
Multiparts:		<none>
Body:			<none>
HTTP/1.1 200 OK
Date: Mon, 18 Sep 2023 16:00:44 GMT
Server: Apache/2.4.52 (Ubuntu)
Access-Control-Allow-Origin: *
Access-Control-Allow-Methods: POST
Access-Control-Max-Age: 3600
Access-Control-Allow-Headers: Content-Type, Access-Control-Allow-Headers, Authorization, X-Requested-With
Content-Length: 222
Keep-Alive: timeout=5, max=100
Connection: Keep-Alive
Content-Type: application/json;charset=UTF-8

{
    "location": {
        "latitude": "33.427362",
        "longitude": "0"
    },
    "accuracy": "50",
    "name": "AAhouse",
    "phone_number": "(+91) 983 893 3937",
    "address": "GG Kolka",
    "types": "shoe park1,shop",
    "website": "http://google.com",
    "language": "Bengali"
}
name is AAhouse
 Name is AAhouse
  &amp#27;[32mAnd &amp#27;[0m&amp#27;[32mverify &amp#27;[0m&amp#27;[32m&amp#27;[1m"place_id"&amp#27;[0m&amp#27;[32m created maps to &amp#27;[0m&amp#27;[32m&amp#27;[1m"AAhouse"&amp#27;[0m&amp#27;[32m using &amp#27;[0m&amp#27;[32m&amp#27;[1m"GetPlaceAPI"&amp#27;[0m            &amp#27;[90m# stepDefinations.StepDefination.verify_place_id_created_maps_to_using(java.lang.String,java.lang.String,java.lang.String)&amp#27;[0m
]]></system-out>
  </testcase>
</testsuite>